<?xml version="1.0" encoding="UTF-8"?>
<!-- Generated by org.testng.reporters.JUnitReportReporter -->
<testsuite hostname="LAPTOP-M7NDOE15" name="paraBankTest.RegistrationTest" tests="3" failures="0" timestamp="15 Apr 2022 07:21:14 GMT" time="11.322" errors="0">
  <testcase name="userRegistrationTest" time="3.317" classname="paraBankTest.RegistrationTest"/>
  <testcase name="userRegistrationTest" time="3.194" classname="paraBankTest.RegistrationTest"/>
  <testcase name="userRegistrationTest" time="4.811" classname="paraBankTest.RegistrationTest"/>
</testsuite> <!-- paraBankTest.RegistrationTest -->
