<?xml version="1.0" encoding="UTF-8"?>
<!-- Generated by org.testng.reporters.JUnitReportReporter -->
<testsuite hostname="LAPTOP-M7NDOE15" name="paraBankTest.RegistrationTest" tests="3" failures="0" timestamp="16 Apr 2022 07:37:40 GMT" time="11.386" errors="0">
  <testcase name="userRegistrationTest" time="3.580" classname="paraBankTest.RegistrationTest"/>
  <testcase name="userRegistrationTest" time="4.644" classname="paraBankTest.RegistrationTest"/>
  <testcase name="userRegistrationTest" time="3.162" classname="paraBankTest.RegistrationTest"/>
</testsuite> <!-- paraBankTest.RegistrationTest -->
