<?xml version="1.0" encoding="UTF-8"?>
<!-- Generated by org.testng.reporters.JUnitReportReporter -->
<testsuite hostname="LAPTOP-M7NDOE15" name="paraBankTest.RegistrationTest" tests="3" failures="0" timestamp="17 Apr 2022 07:13:05 GMT" time="10.095" errors="0">
  <testcase name="userRegistrationTest" time="2.809" classname="paraBankTest.RegistrationTest"/>
  <testcase name="userRegistrationTest" time="3.186" classname="paraBankTest.RegistrationTest"/>
  <testcase name="userRegistrationTest" time="4.100" classname="paraBankTest.RegistrationTest"/>
</testsuite> <!-- paraBankTest.RegistrationTest -->
