<?xml version="1.0" encoding="UTF-8"?>
<!-- Generated by org.testng.reporters.JUnitReportReporter -->
<testsuite hostname="LAPTOP-M7NDOE15" name="paraBankTest.RegistrationTest" tests="3" failures="0" timestamp="16 Apr 2022 05:11:42 GMT" time="8.243" errors="0">
  <testcase name="userRegistrationTest" time="2.713" classname="paraBankTest.RegistrationTest"/>
  <testcase name="userRegistrationTest" time="3.046" classname="paraBankTest.RegistrationTest"/>
  <testcase name="userRegistrationTest" time="2.484" classname="paraBankTest.RegistrationTest"/>
</testsuite> <!-- paraBankTest.RegistrationTest -->
