<?xml version="1.0" encoding="UTF-8"?>
<!-- Generated by org.testng.reporters.JUnitReportReporter -->
<testsuite hostname="LAPTOP-M7NDOE15" name="paraBankTest.RegistrationTest" tests="3" failures="0" timestamp="9 Apr 2022 16:21:16 GMT" time="90.498" errors="0">
  <testcase name="userRegistrationTest" time="30.194" classname="paraBankTest.RegistrationTest"/>
  <testcase name="userRegistrationTest" time="30.141" classname="paraBankTest.RegistrationTest"/>
  <testcase name="userRegistrationTest" time="30.163" classname="paraBankTest.RegistrationTest"/>
</testsuite> <!-- paraBankTest.RegistrationTest -->
